<?xml version="1.0" encoding="UTF-8"?>
<testsuite name="com.study.admin.repository.UserRepositoryTest" tests="1" skipped="0" failures="0" errors="0" timestamp="2020-12-10T22:56:46" hostname="DESKTOP-06GN6VU" time="0.305">
  <properties/>
  <testcase name="create()" classname="com.study.admin.repository.UserRepositoryTest" time="0.305"/>
  <system-out><![CDATA[07:56:41.492 [Test worker] DEBUG org.springframework.test.context.BootstrapUtils - Instantiating CacheAwareContextLoaderDelegate from class [org.springframework.test.context.cache.DefaultCacheAwareContextLoaderDelegate]
07:56:41.507 [Test worker] DEBUG org.springframework.test.context.BootstrapUtils - Instantiating BootstrapContext using constructor [public org.springframework.test.context.support.DefaultBootstrapContext(java.lang.Class,org.springframework.test.context.CacheAwareContextLoaderDelegate)]
07:56:41.539 [Test worker] DEBUG org.springframework.test.context.BootstrapUtils - Instantiating TestContextBootstrapper for test class [com.study.admin.repository.UserRepositoryTest] from class [org.springframework.boot.test.context.SpringBootTestContextBootstrapper]
07:56:41.550 [Test worker] INFO org.springframework.boot.test.context.SpringBootTestContextBootstrapper - Neither @ContextConfiguration nor @ContextHierarchy found for test class [com.study.admin.repository.UserRepositoryTest], using SpringBootContextLoader
07:56:41.554 [Test worker] DEBUG org.springframework.test.context.support.AbstractContextLoader - Did not detect default resource location for test class [com.study.admin.repository.UserRepositoryTest]: class path resource [com/study/admin/repository/UserRepositoryTest-context.xml] does not exist
07:56:41.555 [Test worker] DEBUG org.springframework.test.context.support.AbstractContextLoader - Did not detect default resource location for test class [com.study.admin.repository.UserRepositoryTest]: class path resource [com/study/admin/repository/UserRepositoryTestContext.groovy] does not exist
07:56:41.555 [Test worker] INFO org.springframework.test.context.support.AbstractContextLoader - Could not detect default resource locations for test class [com.study.admin.repository.UserRepositoryTest]: no resource found for suffixes {-context.xml, Context.groovy}.
07:56:41.556 [Test worker] INFO org.springframework.test.context.support.AnnotationConfigContextLoaderUtils - Could not detect default configuration classes for test class [com.study.admin.repository.UserRepositoryTest]: UserRepositoryTest does not declare any static, non-private, non-final, nested classes annotated with @Configuration.
07:56:41.600 [Test worker] DEBUG org.springframework.test.context.support.ActiveProfilesUtils - Could not find an 'annotation declaring class' for annotation type [org.springframework.test.context.ActiveProfiles] and class [com.study.admin.repository.UserRepositoryTest]
07:56:41.668 [Test worker] DEBUG org.springframework.context.annotation.ClassPathScanningCandidateComponentProvider - Identified candidate component class: file [C:\Users\0901B\IdeaProjects\admin\build\classes\java\main\com\study\admin\AdminApplication.class]
07:56:41.669 [Test worker] INFO org.springframework.boot.test.context.SpringBootTestContextBootstrapper - Found @SpringBootConfiguration com.study.admin.AdminApplication for test class com.study.admin.repository.UserRepositoryTest
07:56:41.768 [Test worker] DEBUG org.springframework.boot.test.context.SpringBootTestContextBootstrapper - @TestExecutionListeners is not present for class [com.study.admin.repository.UserRepositoryTest]: using defaults.
07:56:41.769 [Test worker] INFO org.springframework.boot.test.context.SpringBootTestContextBootstrapper - Loaded default TestExecutionListener class names from location [META-INF/spring.factories]: [org.springframework.boot.test.autoconfigure.restdocs.RestDocsTestExecutionListener, org.springframework.boot.test.autoconfigure.web.client.MockRestServiceServerResetTestExecutionListener, org.springframework.boot.test.autoconfigure.web.servlet.MockMvcPrintOnlyOnFailureTestExecutionListener, org.springframework.boot.test.autoconfigure.web.servlet.WebDriverTestExecutionListener, org.springframework.boot.test.autoconfigure.webservices.client.MockWebServiceServerTestExecutionListener, org.springframework.boot.test.mock.mockito.MockitoTestExecutionListener, org.springframework.boot.test.mock.mockito.ResetMocksTestExecutionListener, org.springframework.test.context.web.ServletTestExecutionListener, org.springframework.test.context.support.DirtiesContextBeforeModesTestExecutionListener, org.springframework.test.context.support.DependencyInjectionTestExecutionListener, org.springframework.test.context.support.DirtiesContextTestExecutionListener, org.springframework.test.context.transaction.TransactionalTestExecutionListener, org.springframework.test.context.jdbc.SqlScriptsTestExecutionListener, org.springframework.test.context.event.EventPublishingTestExecutionListener]
07:56:41.788 [Test worker] INFO org.springframework.boot.test.context.SpringBootTestContextBootstrapper - Using TestExecutionListeners: [org.springframework.test.context.web.ServletTestExecutionListener@1c736c75, org.springframework.test.context.support.DirtiesContextBeforeModesTestExecutionListener@78923999, org.springframework.boot.test.mock.mockito.MockitoTestExecutionListener@218c7b8c, org.springframework.boot.test.autoconfigure.SpringBootDependencyInjectionTestExecutionListener@2b9fe500, org.springframework.test.context.support.DirtiesContextTestExecutionListener@2c8834c2, org.springframework.test.context.transaction.TransactionalTestExecutionListener@45bf9e3b, org.springframework.test.context.jdbc.SqlScriptsTestExecutionListener@72ddd1b, org.springframework.test.context.event.EventPublishingTestExecutionListener@534e9f1b, org.springframework.boot.test.autoconfigure.restdocs.RestDocsTestExecutionListener@3e0d9f94, org.springframework.boot.test.autoconfigure.web.client.MockRestServiceServerResetTestExecutionListener@7fa9028, org.springframework.boot.test.autoconfigure.web.servlet.MockMvcPrintOnlyOnFailureTestExecutionListener@6ed640c9, org.springframework.boot.test.autoconfigure.web.servlet.WebDriverTestExecutionListener@4947bc4f, org.springframework.boot.test.autoconfigure.webservices.client.MockWebServiceServerTestExecutionListener@1be47bcc, org.springframework.boot.test.mock.mockito.ResetMocksTestExecutionListener@48ccd348]
07:56:41.791 [Test worker] DEBUG org.springframework.test.context.support.AbstractDirtiesContextTestExecutionListener - Before test class: context [DefaultTestContext@3566ffdc testClass = UserRepositoryTest, testInstance = [null], testMethod = [null], testException = [null], mergedContextConfiguration = [WebMergedContextConfiguration@2e595736 testClass = UserRepositoryTest, locations = '{}', classes = '{class com.study.admin.AdminApplication}', contextInitializerClasses = '[]', activeProfiles = '{}', propertySourceLocations = '{}', propertySourceProperties = '{org.springframework.boot.test.context.SpringBootTestContextBootstrapper=true}', contextCustomizers = set[org.springframework.boot.test.autoconfigure.actuate.metrics.MetricsExportContextCustomizerFactory$DisableMetricExportContextCustomizer@4bbe2be8, org.springframework.boot.test.autoconfigure.properties.PropertyMappingContextCustomizer@0, org.springframework.boot.test.autoconfigure.web.servlet.WebDriverContextCustomizerFactory$Customizer@7be1fcfe, org.springframework.boot.test.context.filter.ExcludeFilterContextCustomizer@4c979b76, org.springframework.boot.test.json.DuplicateJsonObjectContextCustomizerFactory$DuplicateJsonObjectContextCustomizer@48fcd7b1, org.springframework.boot.test.mock.mockito.MockitoContextCustomizer@0, org.springframework.boot.test.web.client.TestRestTemplateContextCustomizer@31842d4d, org.springframework.boot.test.web.reactive.server.WebTestClientContextCustomizer@50d1a8fd, org.springframework.boot.test.context.SpringBootTestArgs@1, org.springframework.boot.test.context.SpringBootTestWebEnvironment@2ee5e9f6], resourceBasePath = 'src/main/webapp', contextLoader = 'org.springframework.boot.test.context.SpringBootContextLoader', parent = [null]], attributes = map['org.springframework.test.context.web.ServletTestExecutionListener.activateListener' -> true]], class annotated with @DirtiesContext [false] with mode [null].
07:56:41.822 [Test worker] DEBUG org.springframework.test.context.support.TestPropertySourceUtils - Adding inlined properties to environment: {spring.jmx.enabled=false, org.springframework.boot.test.context.SpringBootTestContextBootstrapper=true}

  .   ____          _            __ _ _
 /\\ / ___'_ __ _ _(_)_ __  __ _ \ \ \ \
( ( )\___ | '_ | '_| | '_ \/ _` | \ \ \ \
 \\/  ___)| |_)| | | | | || (_| |  ) ) ) )
  '  |____| .__|_| |_|_| |_\__, | / / / /
 =========|_|==============|___/=/_/_/_/
 :: Spring Boot ::                (v2.4.0)

2020-12-11 07:56:42.076  INFO 18960 --- [    Test worker] c.s.admin.repository.UserRepositoryTest  : Starting UserRepositoryTest using Java 14.0.2 on DESKTOP-06GN6VU with PID 18960 (started by 0901B in C:\Users\0901B\IdeaProjects\admin)
2020-12-11 07:56:42.078  INFO 18960 --- [    Test worker] c.s.admin.repository.UserRepositoryTest  : No active profile set, falling back to default profiles: default
2020-12-11 07:56:42.732  INFO 18960 --- [    Test worker] .s.d.r.c.RepositoryConfigurationDelegate : Bootstrapping Spring Data JPA repositories in DEFERRED mode.
2020-12-11 07:56:42.834  INFO 18960 --- [    Test worker] .s.d.r.c.RepositoryConfigurationDelegate : Finished Spring Data repository scanning in 94 ms. Found 7 JPA repository interfaces.
2020-12-11 07:56:43.429  INFO 18960 --- [    Test worker] o.s.s.concurrent.ThreadPoolTaskExecutor  : Initializing ExecutorService 'applicationTaskExecutor'
2020-12-11 07:56:43.446  INFO 18960 --- [    Test worker] com.zaxxer.hikari.HikariDataSource       : HikariPool-1 - Starting...
2020-12-11 07:56:43.611  INFO 18960 --- [    Test worker] com.zaxxer.hikari.HikariDataSource       : HikariPool-1 - Start completed.
2020-12-11 07:56:43.682  INFO 18960 --- [         task-1] o.hibernate.jpa.internal.util.LogHelper  : HHH000204: Processing PersistenceUnitInfo [name: default]
2020-12-11 07:56:43.749  INFO 18960 --- [         task-1] org.hibernate.Version                    : HHH000412: Hibernate ORM core version 5.4.23.Final
2020-12-11 07:56:43.920  INFO 18960 --- [         task-1] o.hibernate.annotations.common.Version   : HCANN000001: Hibernate Commons Annotations {5.1.2.Final}
2020-12-11 07:56:44.076  INFO 18960 --- [         task-1] org.hibernate.dialect.Dialect            : HHH000400: Using dialect: org.hibernate.dialect.MySQL8Dialect
2020-12-11 07:56:44.793  INFO 18960 --- [         task-1] o.h.e.t.j.p.i.JtaPlatformInitiator       : HHH000490: Using JtaPlatform implementation: [org.hibernate.engine.transaction.jta.platform.internal.NoJtaPlatform]
2020-12-11 07:56:44.802  INFO 18960 --- [         task-1] j.LocalContainerEntityManagerFactoryBean : Initialized JPA EntityManagerFactory for persistence unit 'default'
2020-12-11 07:56:45.035  WARN 18960 --- [    Test worker] JpaBaseConfiguration$JpaWebConfiguration : spring.jpa.open-in-view is enabled by default. Therefore, database queries may be performed during view rendering. Explicitly configure spring.jpa.open-in-view to disable this warning
2020-12-11 07:56:45.627  INFO 18960 --- [    Test worker] DeferredRepositoryInitializationListener : Triggering deferred initialization of Spring Data repositories…
2020-12-11 07:56:46.030  INFO 18960 --- [    Test worker] DeferredRepositoryInitializationListener : Spring Data repositories initialized!
2020-12-11 07:56:46.035  INFO 18960 --- [    Test worker] c.s.admin.repository.UserRepositoryTest  : Started UserRepositoryTest in 4.204 seconds (JVM running for 5.258)
Hibernate: insert into user (account, created_at, created_by, email, password, phone_number, registered_at, status, unregistered_at, updated_at, updated_by) values (?, ?, ?, ?, ?, ?, ?, ?, ?, ?, ?)
]]></system-out>
  <system-err><![CDATA[]]></system-err>
</testsuite>
